{"/Users/ishansunesara/COSC-4353-Project/server/controllers/eventController.js": {"path":"/Users/ishansunesara/COSC-4353-Project/server/controllers/eventController.js","statementMap":{"0":{"start":{"line":1,"column":20},"end":{"line":1,"column":22}},"1":{"start":{"line":4,"column":2},"end":{"line":4,"column":25}},"2":{"start":{"line":5,"column":2},"end":{"line":5,"column":19}},"3":{"start":{"line":9,"column":2},"end":{"line":9,"column":14}}},"fnMap":{"0":{"name":"createEvent","decl":{"start":{"line":3,"column":16},"end":{"line":3,"column":27}},"loc":{"start":{"line":3,"column":39},"end":{"line":6,"column":1}},"line":3},"1":{"name":"resetEvents","decl":{"start":{"line":8,"column":16},"end":{"line":8,"column":27}},"loc":{"start":{"line":8,"column":30},"end":{"line":10,"column":1}},"line":8}},"branchMap":{},"s":{"0":1,"1":2,"2":2,"3":2},"f":{"0":2,"1":2},"b":{},"_coverageSchema":"1a1c01bbd47fc00a2c39e90264f33305004495a9","hash":"e3360cf0c9881fce8be64b2abedb9cea0377c8dc"}
,"/Users/ishansunesara/COSC-4353-Project/server/controllers/matchController.js": {"path":"/Users/ishansunesara/COSC-4353-Project/server/controllers/matchController.js","statementMap":{"0":{"start":{"line":5,"column":26},"end":{"line":5,"column":36}},"1":{"start":{"line":6,"column":20},"end":{"line":6,"column":62}},"2":{"start":{"line":6,"column":41},"end":{"line":6,"column":61}},"3":{"start":{"line":8,"column":2},"end":{"line":10,"column":3}},"4":{"start":{"line":9,"column":4},"end":{"line":9,"column":68}},"5":{"start":{"line":12,"column":24},"end":{"line":28,"column":4}},"6":{"start":{"line":13,"column":26},"end":{"line":13,"column":63}},"7":{"start":{"line":15,"column":23},"end":{"line":17,"column":5}},"8":{"start":{"line":16,"column":6},"end":{"line":16,"column":38}},"9":{"start":{"line":20,"column":6},"end":{"line":21,"column":69}},"10":{"start":{"line":25,"column":6},"end":{"line":25,"column":81}},"11":{"start":{"line":27,"column":4},"end":{"line":27,"column":79}},"12":{"start":{"line":30,"column":2},"end":{"line":30,"column":26}}},"fnMap":{"0":{"name":"matchVolunteer","decl":{"start":{"line":4,"column":16},"end":{"line":4,"column":30}},"loc":{"start":{"line":4,"column":41},"end":{"line":31,"column":1}},"line":4},"1":{"name":"(anonymous_1)","decl":{"start":{"line":6,"column":36},"end":{"line":6,"column":37}},"loc":{"start":{"line":6,"column":41},"end":{"line":6,"column":61}},"line":6},"2":{"name":"(anonymous_2)","decl":{"start":{"line":12,"column":38},"end":{"line":12,"column":39}},"loc":{"start":{"line":12,"column":47},"end":{"line":28,"column":3}},"line":12},"3":{"name":"(anonymous_3)","decl":{"start":{"line":15,"column":49},"end":{"line":15,"column":50}},"loc":{"start":{"line":16,"column":6},"end":{"line":16,"column":38}},"line":16}},"branchMap":{"0":{"loc":{"start":{"line":8,"column":2},"end":{"line":10,"column":3}},"type":"if","locations":[{"start":{"line":8,"column":2},"end":{"line":10,"column":3}},{"start":{},"end":{}}],"line":8},"1":{"loc":{"start":{"line":20,"column":6},"end":{"line":21,"column":69}},"type":"binary-expr","locations":[{"start":{"line":20,"column":6},"end":{"line":20,"column":73}},{"start":{"line":21,"column":6},"end":{"line":21,"column":69}}],"line":20},"2":{"loc":{"start":{"line":25,"column":6},"end":{"line":25,"column":81}},"type":"binary-expr","locations":[{"start":{"line":25,"column":6},"end":{"line":25,"column":26}},{"start":{"line":25,"column":30},"end":{"line":25,"column":81}}],"line":25},"3":{"loc":{"start":{"line":27,"column":11},"end":{"line":27,"column":78}},"type":"binary-expr","locations":[{"start":{"line":27,"column":11},"end":{"line":27,"column":24}},{"start":{"line":27,"column":28},"end":{"line":27,"column":38}},{"start":{"line":27,"column":42},"end":{"line":27,"column":59}},{"start":{"line":27,"column":63},"end":{"line":27,"column":78}}],"line":27}},"s":{"0":2,"1":2,"2":2,"3":2,"4":1,"5":1,"6":2,"7":2,"8":2,"9":2,"10":2,"11":2,"12":1},"f":{"0":2,"1":2,"2":2,"3":2},"b":{"0":[1,1],"1":[2,2],"2":[2,2],"3":[2,1,1,1]},"_coverageSchema":"1a1c01bbd47fc00a2c39e90264f33305004495a9","hash":"6fdb313da4f20df72765d251bd1895c3daad0488"}
,"/Users/ishansunesara/COSC-4353-Project/server/controllers/notificationsController.js": {"path":"/Users/ishansunesara/COSC-4353-Project/server/controllers/notificationsController.js","statementMap":{"0":{"start":{"line":2,"column":29},"end":{"line":6,"column":3}},"1":{"start":{"line":8,"column":37},"end":{"line":10,"column":3}},"2":{"start":{"line":9,"column":4},"end":{"line":9,"column":28}},"3":{"start":{"line":12,"column":42},"end":{"line":18,"column":3}},"4":{"start":{"line":13,"column":23},"end":{"line":13,"column":33}},"5":{"start":{"line":14,"column":30},"end":{"line":16,"column":5}},"6":{"start":{"line":15,"column":13},"end":{"line":15,"column":42}},"7":{"start":{"line":17,"column":4},"end":{"line":17,"column":32}},"8":{"start":{"line":20,"column":36},"end":{"line":36,"column":3}},"9":{"start":{"line":21,"column":32},"end":{"line":21,"column":40}},"10":{"start":{"line":23,"column":4},"end":{"line":25,"column":5}},"11":{"start":{"line":24,"column":6},"end":{"line":24,"column":63}},"12":{"start":{"line":27,"column":28},"end":{"line":32,"column":5}},"13":{"start":{"line":34,"column":4},"end":{"line":34,"column":40}},"14":{"start":{"line":35,"column":4},"end":{"line":35,"column":42}}},"fnMap":{"0":{"name":"(anonymous_0)","decl":{"start":{"line":8,"column":37},"end":{"line":8,"column":38}},"loc":{"start":{"line":8,"column":51},"end":{"line":10,"column":3}},"line":8},"1":{"name":"(anonymous_1)","decl":{"start":{"line":12,"column":42},"end":{"line":12,"column":43}},"loc":{"start":{"line":12,"column":56},"end":{"line":18,"column":3}},"line":12},"2":{"name":"(anonymous_2)","decl":{"start":{"line":15,"column":6},"end":{"line":15,"column":7}},"loc":{"start":{"line":15,"column":13},"end":{"line":15,"column":42}},"line":15},"3":{"name":"(anonymous_3)","decl":{"start":{"line":20,"column":36},"end":{"line":20,"column":37}},"loc":{"start":{"line":20,"column":50},"end":{"line":36,"column":3}},"line":20}},"branchMap":{"0":{"loc":{"start":{"line":23,"column":4},"end":{"line":25,"column":5}},"type":"if","locations":[{"start":{"line":23,"column":4},"end":{"line":25,"column":5}},{"start":{},"end":{}}],"line":23},"1":{"loc":{"start":{"line":23,"column":8},"end":{"line":23,"column":27}},"type":"binary-expr","locations":[{"start":{"line":23,"column":8},"end":{"line":23,"column":15}},{"start":{"line":23,"column":19},"end":{"line":23,"column":27}}],"line":23}},"s":{"0":1,"1":1,"2":1,"3":1,"4":1,"5":1,"6":3,"7":1,"8":1,"9":1,"10":1,"11":0,"12":1,"13":1,"14":1},"f":{"0":1,"1":1,"2":3,"3":1},"b":{"0":[0,1],"1":[1,1]},"_coverageSchema":"1a1c01bbd47fc00a2c39e90264f33305004495a9","hash":"d39b4a03a60c60f712b6a00d22f836650b83bd39"}
}
