TN:
SF:controllers/eventController.js
FN:3,createEvent
FN:8,resetEvents
FNF:2
FNH:2
FNDA:2,createEvent
FNDA:2,resetEvents
DA:1,1
DA:4,2
DA:5,2
DA:9,2
LF:4
LH:4
BRF:0
BRH:0
end_of_record
TN:
SF:controllers/matchController.js
FN:5,matchVolunteer
FN:9,(anonymous_1)
FN:18,(anonymous_2)
FN:21,(anonymous_3)
FN:44,(anonymous_4)
FN:45,(anonymous_5)
FNF:6
FNH:5
FNDA:1,matchVolunteer
FNDA:1,(anonymous_1)
FNDA:1,(anonymous_2)
FNDA:2,(anonymous_3)
FNDA:1,(anonymous_4)
FNDA:0,(anonymous_5)
DA:6,1
DA:9,1
DA:12,1
DA:13,0
DA:17,1
DA:19,1
DA:21,1
DA:22,2
DA:24,1
DA:27,1
DA:30,1
DA:33,1
DA:38,1
DA:44,1
DA:45,0
DA:48,1
DA:49,1
DA:56,1
LF:18
LH:16
BRDA:12,0,0,0
BRDA:12,0,1,1
BRDA:27,1,0,1
BRDA:27,1,1,1
BRDA:30,2,0,1
BRDA:30,2,1,0
BRDA:33,3,0,1
BRDA:33,3,1,0
BRDA:34,4,0,1
BRDA:34,4,1,0
BRDA:48,5,0,1
BRDA:48,5,1,0
BRF:12
BRH:7
end_of_record
TN:
SF:controllers/notificationsController.js
FN:8,(anonymous_0)
FN:12,(anonymous_1)
FN:15,(anonymous_2)
FN:20,(anonymous_3)
FNF:4
FNH:4
FNDA:1,(anonymous_0)
FNDA:1,(anonymous_1)
FNDA:3,(anonymous_2)
FNDA:1,(anonymous_3)
DA:2,1
DA:8,1
DA:9,1
DA:12,1
DA:13,1
DA:14,1
DA:15,3
DA:17,1
DA:20,1
DA:21,1
DA:23,1
DA:24,0
DA:27,1
DA:34,1
DA:35,1
LF:15
LH:14
BRDA:23,0,0,0
BRDA:23,0,1,1
BRDA:23,1,0,1
BRDA:23,1,1,1
BRF:4
BRH:3
end_of_record
TN:
SF:data/events.js
FNF:0
FNH:0
DA:1,1
LF:1
LH:1
BRF:0
BRH:0
end_of_record
TN:
SF:data/notifications.js
FN:3,addNotification
FNF:1
FNH:1
FNDA:1,addNotification
DA:1,1
DA:4,1
LF:2
LH:2
BRF:0
BRH:0
end_of_record
TN:
SF:data/volunteers.js
FNF:0
FNH:0
DA:1,1
LF:1
LH:1
BRF:0
BRH:0
end_of_record
