TN:
SF:controllers/eventController.js
FN:3,createEvent
FN:8,resetEvents
FNF:2
FNH:2
FNDA:2,createEvent
FNDA:2,resetEvents
DA:1,1
DA:4,2
DA:5,2
DA:9,2
LF:4
LH:4
BRF:0
BRH:0
end_of_record
TN:
SF:controllers/matchController.js
FN:4,matchVolunteer
FN:6,(anonymous_1)
FN:12,(anonymous_2)
FN:15,(anonymous_3)
FNF:4
FNH:4
FNDA:2,matchVolunteer
FNDA:2,(anonymous_1)
FNDA:2,(anonymous_2)
FNDA:2,(anonymous_3)
DA:5,2
DA:6,2
DA:8,2
DA:9,1
DA:12,1
DA:13,2
DA:15,2
DA:16,2
DA:20,2
DA:25,2
DA:27,2
DA:30,1
LF:12
LH:12
BRDA:8,0,0,1
BRDA:8,0,1,1
BRDA:20,1,0,2
BRDA:20,1,1,2
BRDA:25,2,0,2
BRDA:25,2,1,2
BRDA:27,3,0,2
BRDA:27,3,1,1
BRDA:27,3,2,1
BRDA:27,3,3,1
BRF:10
BRH:10
end_of_record
TN:
SF:controllers/notificationsController.js
FN:8,(anonymous_0)
FN:12,(anonymous_1)
FN:15,(anonymous_2)
FN:20,(anonymous_3)
FNF:4
FNH:4
FNDA:1,(anonymous_0)
FNDA:1,(anonymous_1)
FNDA:3,(anonymous_2)
FNDA:1,(anonymous_3)
DA:2,1
DA:8,1
DA:9,1
DA:12,1
DA:13,1
DA:14,1
DA:15,3
DA:17,1
DA:20,1
DA:21,1
DA:23,1
DA:24,0
DA:27,1
DA:34,1
DA:35,1
LF:15
LH:14
BRDA:23,0,0,0
BRDA:23,0,1,1
BRDA:23,1,0,1
BRDA:23,1,1,1
BRF:4
BRH:3
end_of_record
